[NX v22.6.5 Daemon Client] - 2026-04-22T04:22:22.989Z - [Client] Starting new daemon server in background
[NX v22.6.5 Daemon Client] - 2026-04-22T04:22:22.994Z - [Client] Waiting for server (max: 6000 attempts, 10ms interval)
[NX v22.6.5 Daemon Server] - 2026-04-22T04:22:23.190Z - New daemon starting from: C:\Users\sabca\GitHub Projects\quote-generator\node_modules\nx\src\daemon\server\server.js
[NX v22.6.5 Daemon Server] - 2026-04-22T04:22:23.190Z - New daemon __dirname: C:\Users\sabca\GitHub Projects\quote-generator\node_modules\nx\src\daemon\server
[NX v22.6.5 Daemon Server] - 2026-04-22T04:22:23.190Z - New daemon nxVersion: 22.6.5
[NX v22.6.5 Daemon Server] - 2026-04-22T04:22:23.191Z - New daemon getInstalledNxVersion(): 22.6.5
[NX v22.6.5 Daemon Server] - 2026-04-22T04:22:23.192Z - Time taken for 'workspace context init' 0.9960999999999842ms
[NX v22.6.5 Daemon Server] - 2026-04-22T04:22:23.193Z - [Server] Starting outdated check interval (20ms)
[NX v22.6.5 Daemon Server] - 2026-04-22T04:22:23.194Z - Started listening on: \\.\pipe\nx\C:\Users\sabca\AppData\Local\Temp\961780a11360e28351ea\d.sock
[NX v22.6.5 Daemon Server] - 2026-04-22T04:22:23.195Z - [WATCHER]: Subscribed to changes within: C:\Users\sabca\GitHub Projects\quote-generator (native)
[NX v22.6.5 Daemon Server] - 2026-04-22T04:22:23.196Z - [LATEST-NX]: Pulling latest Nx...
Fetching nx...
[NX v22.6.5 Daemon Client] - 2026-04-22T04:22:23.204Z - [Client] Server available
[NX v22.6.5 Daemon Client] - 2026-04-22T04:22:23.205Z - [Client] Daemon server started, pid=31300
[NX v22.6.5 Daemon Client] - 2026-04-22T04:22:23.205Z - [Messenger] Setting up socket listeners
[NX v22.6.5 Daemon Client] - 2026-04-22T04:22:23.206Z - [Messenger] listen() complete
[NX v22.6.5 Daemon Client] - 2026-04-22T04:22:23.206Z - [Messenger] Sending message type: REQUEST_PROJECT_GRAPH
[NX v22.6.5 Daemon Server] - 2026-04-22T04:22:23.207Z - [AI-AGENTS]: Starting agent configuration status computation
[NX v22.6.5 Daemon Client] - 2026-04-22T04:22:23.207Z - [Messenger] Message sent
[NX v22.6.5 Daemon Server] - 2026-04-22T04:22:23.208Z - Established a connection. Number of open connections: 1
[NX v22.6.5 Daemon Server] - 2026-04-22T04:22:23.209Z - Established a connection. Number of open connections: 2
[NX v22.6.5 Daemon Server] - 2026-04-22T04:22:23.209Z - Closed a connection. Number of open connections: 1
[NX v22.6.5 Daemon Server] - 2026-04-22T04:22:23.210Z - Established a connection. Number of open connections: 2
[NX v22.6.5 Daemon Server] - 2026-04-22T04:22:23.211Z - Closed a connection. Number of open connections: 1
[NX v22.6.5 Daemon Client] - 2026-04-22T04:22:23.211Z - [Client] Server available
[NX v22.6.5 Daemon Server] - 2026-04-22T04:22:23.211Z - Established a connection. Number of open connections: 2
[NX v22.6.5 Daemon Client] - 2026-04-22T04:22:23.211Z - [Messenger] Setting up socket listeners
[NX v22.6.5 Daemon Client] - 2026-04-22T04:22:23.211Z - [Messenger] listen() complete
[NX v22.6.5 Daemon Client] - 2026-04-22T04:22:23.211Z - [Messenger] Sending message type: REGISTER_PROJECT_GRAPH_LISTENER
[NX v22.6.5 Daemon Client] - 2026-04-22T04:22:23.211Z - [Messenger] Message sent
[NX v22.6.5 Daemon Client] - 2026-04-22T04:22:23.212Z - [ProjectGraphListener] Reconnected successfully
[NX v22.6.5 Daemon Server] - 2026-04-22T04:22:23.212Z - Received raw message of length 42
[NX v22.6.5 Daemon Server] - 2026-04-22T04:22:23.212Z - Received json message of type REGISTER_PROJECT_GRAPH_LISTENER
[NX v22.6.5 Daemon Server] - 2026-04-22T04:22:23.317Z - Time taken for 'loadSpecifiedNxPlugins' 17.84250000000003ms
[NX v22.6.5 Daemon Server] - 2026-04-22T04:22:23.391Z - Received raw message of length 32
[NX v22.6.5 Daemon Server] - 2026-04-22T04:22:23.391Z - Received json message of type REQUEST_PROJECT_GRAPH
[NX v22.6.5 Daemon Server] - 2026-04-22T04:22:23.391Z - [REQUEST]: Client Request for Project Graph Received
Time taken for 'plugin worker 19680 code loading' 122.833ms
[NX v22.6.5 Daemon Server] - 2026-04-22T04:22:23.468Z - Time taken for 'start-plugin-worker:C:\Users\sabca\GitHub Projects\quote-generator\node_modules\nx\src\adapter\angular-json' 162.8827ms
Time taken for 'plugin worker 29084 code loading' 123.22850000000001ms
Time taken for 'plugin worker 11968 code loading' 131.5765ms
Time taken for 'plugin worker 8372 code loading' 129.73039999999997ms
[NX v22.6.5 Daemon Server] - 2026-04-22T04:22:23.482Z - Time taken for 'start-plugin-worker:C:\Users\sabca\GitHub Projects\quote-generator\node_modules\nx\src\plugins\js' 182.4595ms
[NX v22.6.5 Daemon Server] - 2026-04-22T04:22:23.482Z - Time taken for 'start-plugin-worker:C:\Users\sabca\GitHub Projects\quote-generator\node_modules\nx\src\plugins\package-json' 173.66549999999995ms
[NX v22.6.5 Daemon Server] - 2026-04-22T04:22:23.482Z - Time taken for 'start-plugin-worker:C:\Users\sabca\GitHub Projects\quote-generator\node_modules\nx\src\plugins\project-json\build-nodes\project-json' 170.00060000000002ms
[NX v22.6.5 Daemon Server] - 2026-04-22T04:22:23.527Z - Time taken for 'Load Nx Plugin: C:\Users\sabca\GitHub Projects\quote-generator\node_modules\nx\src\adapter\angular-json' 229.14600000000007ms
[NX v22.6.5 Daemon Server] - 2026-04-22T04:22:23.542Z - Time taken for 'Load Nx Plugin: C:\Users\sabca\GitHub Projects\quote-generator\node_modules\nx\src\plugins\project-json\build-nodes\project-json' 243.3648ms
[NX v22.6.5 Daemon Server] - 2026-04-22T04:22:23.545Z - Time taken for 'Load Nx Plugin: C:\Users\sabca\GitHub Projects\quote-generator\node_modules\nx\src\plugins\package-json' 246.49939999999998ms
[NX v22.6.5 Daemon Server] - 2026-04-22T04:22:23.553Z - [REQUEST]: Updated workspace context based on watched changes, recomputing project graph...
[NX v22.6.5 Daemon Server] - 2026-04-22T04:22:23.553Z - [REQUEST]: 
[NX v22.6.5 Daemon Server] - 2026-04-22T04:22:23.553Z - [REQUEST]: 
[NX v22.6.5 Daemon Server] - 2026-04-22T04:22:23.554Z - Reusing in-memory cached project graph because no files changed.
[NX v22.6.5 Daemon Server] - 2026-04-22T04:22:23.557Z - Time taken for 'loadDefaultNxPlugins' 255.46949999999998ms
[NX v22.6.5 Daemon Server] - 2026-04-22T04:22:23.557Z - Time taken for 'Load Nx Plugin: C:\Users\sabca\GitHub Projects\quote-generator\node_modules\nx\src\plugins\js' 254.68689999999998ms
[NX v22.6.5 Daemon Server] - 2026-04-22T04:22:23.557Z - Time taken for 'hash changed files from watcher' 0.09639999999990323ms
[NX v22.6.5 Daemon Server] - 2026-04-22T04:22:23.598Z - Time taken for 'build-project-configs' 26.861800000000017ms
[NX v22.6.5 Daemon Server] - 2026-04-22T04:22:23.598Z - Time taken for 'createNodes:merge' 5.396499999999946ms
[NX v22.6.5 Daemon Server] - 2026-04-22T04:22:23.598Z - Time taken for 'native-file-deps' 0.0049999999999954525ms
[NX v22.6.5 Daemon Server] - 2026-04-22T04:22:23.598Z - Time taken for 'get-workspace-files' 0.2857000000000198ms
[NX v22.6.5 Daemon Server] - 2026-04-22T04:22:23.598Z - Time taken for 'get-all-workspace-files' 9.73479999999995ms
[NX v22.6.5 Daemon Server] - 2026-04-22T04:22:23.598Z - Time taken for 'read cache' 0.1675000000000182ms
Time taken for 'nx/js/dependencies-and-lockfile:createNodes' 14.838899999999995ms
[NX v22.6.5 Daemon Server] - 2026-04-22T04:22:23.648Z - [SYNC]: collect registered sync generators
[NX v22.6.5 Daemon Server] - 2026-04-22T04:22:23.653Z - Wrote project graph cache to C:\Users\sabca\GitHub Projects\quote-generator\.nx\workspace-data\project-graph.json
[NX v22.6.5 Daemon Server] - 2026-04-22T04:22:23.653Z - Serializing response for PROJECT_GRAPH_UPDATED message in json mode
[NX v22.6.5 Daemon Server] - 2026-04-22T04:22:23.655Z - Responding to PROJECT_GRAPH_UPDATED message
[NX v22.6.5 Daemon Server] - 2026-04-22T04:22:23.655Z - [REQUEST]: Responding to the client. Project graph updated
[NX v22.6.5 Daemon Server] - 2026-04-22T04:22:23.656Z - Serializing response for REQUEST_PROJECT_GRAPH message in json mode
[NX v22.6.5 Daemon Server] - 2026-04-22T04:22:23.656Z - Responding to REQUEST_PROJECT_GRAPH message
[NX v22.6.5 Daemon Server] - 2026-04-22T04:22:23.656Z - [REQUEST]: Responding to the client. project-graph
[NX v22.6.5 Daemon Server] - 2026-04-22T04:22:23.657Z - Time taken for 'total for creating and serializing project graph' 264.74010000000004ms
[NX v22.6.5 Daemon Server] - 2026-04-22T04:22:23.657Z - Time taken for 'total execution time for createProjectGraph()' 55.40880000000004ms
[NX v22.6.5 Daemon Server] - 2026-04-22T04:22:23.657Z - Time taken for 'createDependencies' 49.730500000000006ms
[NX v22.6.5 Daemon Server] - 2026-04-22T04:22:23.657Z - Time taken for 'nx/js/dependencies-and-lockfile:createDependencies' 49.58220000000006ms
[NX v22.6.5 Daemon Server] - 2026-04-22T04:22:23.657Z - Time taken for 'createMetadata' 0.02949999999998454ms
[NX v22.6.5 Daemon Server] - 2026-04-22T04:22:23.657Z - Time taken for 'serialize graph' 1.2017999999999347ms
[NX v22.6.5 Daemon Server] - 2026-04-22T04:22:23.657Z - Time taken for 'write cache' 4.557000000000016ms
[NX v22.6.5 Daemon Client] - 2026-04-22T04:22:23.657Z - [Messenger] Received message, length: 584298
[NX v22.6.5 Daemon Server] - 2026-04-22T04:22:23.658Z - Done responding to the client Project graph updated
[NX v22.6.5 Daemon Server] - 2026-04-22T04:22:23.658Z - Handled json message PROJECT_GRAPH_UPDATED. Handling time: 5. Response time: 5.
[NX v22.6.5 Daemon Server] - 2026-04-22T04:22:23.658Z - Done responding to the client project-graph
[NX v22.6.5 Daemon Client] - 2026-04-22T04:22:23.658Z - [Messenger] Received message, length: 584305
[NX v22.6.5 Daemon Server] - 2026-04-22T04:22:23.658Z - Handled json message REQUEST_PROJECT_GRAPH. Handling time: 265. Response time: 2.
[NX v22.6.5 Daemon Server] - 2026-04-22T04:22:23.666Z - Closed a connection. Number of open connections: 1
[NX v22.6.5 Daemon Server] - 2026-04-22T04:22:24.665Z - Established a connection. Number of open connections: 2
[NX v22.6.5 Daemon Server] - 2026-04-22T04:22:24.665Z - Closed a connection. Number of open connections: 1
[NX v22.6.5 Daemon Client] - 2026-04-22T04:22:24.665Z - [Messenger] Setting up socket listeners
[NX v22.6.5 Daemon Server] - 2026-04-22T04:22:24.665Z - Established a connection. Number of open connections: 2
[NX v22.6.5 Daemon Server] - 2026-04-22T04:22:24.665Z - Established a connection. Number of open connections: 3
[NX v22.6.5 Daemon Client] - 2026-04-22T04:22:24.665Z - [Messenger] listen() complete
[NX v22.6.5 Daemon Server] - 2026-04-22T04:22:24.665Z - Closed a connection. Number of open connections: 2
[NX v22.6.5 Daemon Client] - 2026-04-22T04:22:24.665Z - [Messenger] Sending message type: GET_CONTEXT_FILE_DATA
[NX v22.6.5 Daemon Client] - 2026-04-22T04:22:24.666Z - [Messenger] Message sent
[NX v22.6.5 Daemon Server] - 2026-04-22T04:22:24.666Z - Received raw message of length 32
[NX v22.6.5 Daemon Server] - 2026-04-22T04:22:24.666Z - Received json message of type GET_CONTEXT_FILE_DATA
[NX v22.6.5 Daemon Server] - 2026-04-22T04:22:24.666Z - Serializing response for GET_CONTEXT_FILE_DATA message in json mode
[NX v22.6.5 Daemon Server] - 2026-04-22T04:22:24.666Z - Responding to GET_CONTEXT_FILE_DATA message
[NX v22.6.5 Daemon Server] - 2026-04-22T04:22:24.666Z - [REQUEST]: Responding to the client. handleContextFileData
[NX v22.6.5 Daemon Server] - 2026-04-22T04:22:24.666Z - Done responding to the client handleContextFileData
[NX v22.6.5 Daemon Server] - 2026-04-22T04:22:24.666Z - Handled json message GET_CONTEXT_FILE_DATA. Handling time: 0. Response time: 0.
[NX v22.6.5 Daemon Client] - 2026-04-22T04:22:24.666Z - [Messenger] Received message, length: 1929
[NX v22.6.5 Daemon Server] - 2026-04-22T04:22:24.793Z - Closed a connection. Number of open connections: 1
[NX v22.6.5 Daemon Server] - 2026-04-22T04:22:24.794Z - Established a connection. Number of open connections: 2
[NX v22.6.5 Daemon Server] - 2026-04-22T04:22:24.794Z - Closed a connection. Number of open connections: 1
[NX v22.6.5 Daemon Client] - 2026-04-22T04:22:24.794Z - [Messenger] Setting up socket listeners
[NX v22.6.5 Daemon Server] - 2026-04-22T04:22:24.795Z - Established a connection. Number of open connections: 2
[NX v22.6.5 Daemon Client] - 2026-04-22T04:22:24.795Z - [Messenger] listen() complete
[NX v22.6.5 Daemon Client] - 2026-04-22T04:22:24.795Z - [Messenger] Sending message type: REGISTER_PROJECT_GRAPH_LISTENER
[NX v22.6.5 Daemon Client] - 2026-04-22T04:22:24.795Z - [Messenger] Message sent
[NX v22.6.5 Daemon Server] - 2026-04-22T04:22:24.796Z - Received raw message of length 42
[NX v22.6.5 Daemon Server] - 2026-04-22T04:22:24.796Z - Received json message of type REGISTER_PROJECT_GRAPH_LISTENER
[NX v22.6.5 Daemon Server] - 2026-04-22T04:22:28.431Z - Established a connection. Number of open connections: 3
[NX v22.6.5 Daemon Server] - 2026-04-22T04:22:28.431Z - Closed a connection. Number of open connections: 2
[NX v22.6.5 Daemon Server] - 2026-04-22T04:22:28.432Z - Established a connection. Number of open connections: 3
[NX v22.6.5 Daemon Server] - 2026-04-22T04:22:28.432Z - Closed a connection. Number of open connections: 2
[NX v22.6.5 Daemon Server] - 2026-04-22T04:22:28.432Z - Established a connection. Number of open connections: 3
[NX v22.6.5 Daemon Client] - 2026-04-22T04:22:28.432Z - [Messenger] Setting up socket listeners
[NX v22.6.5 Daemon Client] - 2026-04-22T04:22:28.432Z - [Messenger] listen() complete
[NX v22.6.5 Daemon Client] - 2026-04-22T04:22:28.433Z - [Messenger] Sending message type: GET_NX_CONSOLE_STATUS
[NX v22.6.5 Daemon Client] - 2026-04-22T04:22:28.433Z - [Messenger] Message sent
[NX v22.6.5 Daemon Server] - 2026-04-22T04:22:28.600Z - Received raw message of length 32
[NX v22.6.5 Daemon Server] - 2026-04-22T04:22:28.600Z - Received json message of type GET_NX_CONSOLE_STATUS
[NX v22.6.5 Daemon Server] - 2026-04-22T04:22:28.600Z - Serializing response for GET_NX_CONSOLE_STATUS message in json mode
[NX v22.6.5 Daemon Server] - 2026-04-22T04:22:28.600Z - Responding to GET_NX_CONSOLE_STATUS message
[NX v22.6.5 Daemon Server] - 2026-04-22T04:22:28.600Z - [REQUEST]: Responding to the client. handleGetNxConsoleStatus
[NX v22.6.5 Daemon Server] - 2026-04-22T04:22:28.600Z - Done responding to the client handleGetNxConsoleStatus
[NX v22.6.5 Daemon Server] - 2026-04-22T04:22:28.600Z - Handled json message GET_NX_CONSOLE_STATUS. Handling time: 0. Response time: 0.
[NX v22.6.5 Daemon Client] - 2026-04-22T04:22:28.602Z - [Messenger] Received message, length: 22
[NX v22.6.5 Daemon Client] - 2026-04-22T04:22:28.627Z - [Messenger] Sending message type: REQUEST_PROJECT_GRAPH
[NX v22.6.5 Daemon Client] - 2026-04-22T04:22:28.627Z - [Messenger] Message sent
[NX v22.6.5 Daemon Server] - 2026-04-22T04:22:28.628Z - Received raw message of length 32
[NX v22.6.5 Daemon Server] - 2026-04-22T04:22:28.628Z - Received json message of type REQUEST_PROJECT_GRAPH
[NX v22.6.5 Daemon Server] - 2026-04-22T04:22:28.628Z - [REQUEST]: Client Request for Project Graph Received
[NX v22.6.5 Daemon Server] - 2026-04-22T04:22:28.628Z - Reusing in-memory cached project graph because no files changed.
[NX v22.6.5 Daemon Server] - 2026-04-22T04:22:28.628Z - Serializing response for REQUEST_PROJECT_GRAPH message in json mode
[NX v22.6.5 Daemon Server] - 2026-04-22T04:22:28.628Z - Responding to REQUEST_PROJECT_GRAPH message
[NX v22.6.5 Daemon Server] - 2026-04-22T04:22:28.628Z - [REQUEST]: Responding to the client. project-graph
[NX v22.6.5 Daemon Server] - 2026-04-22T04:22:28.629Z - Time taken for 'total for creating and serializing project graph' 0.31559999999990396ms
[NX v22.6.5 Daemon Server] - 2026-04-22T04:22:28.629Z - Done responding to the client project-graph
[NX v22.6.5 Daemon Server] - 2026-04-22T04:22:28.629Z - Handled json message REQUEST_PROJECT_GRAPH. Handling time: 0. Response time: 1.
[NX v22.6.5 Daemon Client] - 2026-04-22T04:22:28.629Z - [Messenger] Received message, length: 584305
[NX v22.6.5 Daemon Client] - 2026-04-22T04:22:28.633Z - [Messenger] Sending message type: PRE_TASKS_EXECUTION
[NX v22.6.5 Daemon Client] - 2026-04-22T04:22:28.633Z - [Messenger] Message sent
[NX v22.6.5 Daemon Server] - 2026-04-22T04:22:28.633Z - Received raw message of length 706
[NX v22.6.5 Daemon Server] - 2026-04-22T04:22:28.633Z - Received json message of type PRE_TASKS_EXECUTION
[NX v22.6.5 Daemon Server] - 2026-04-22T04:22:28.634Z - Serializing response for PRE_TASKS_EXECUTION message in json mode
[NX v22.6.5 Daemon Server] - 2026-04-22T04:22:28.634Z - Responding to PRE_TASKS_EXECUTION message
[NX v22.6.5 Daemon Server] - 2026-04-22T04:22:28.634Z - [REQUEST]: Responding to the client. handleRunPreTasksExecution
[NX v22.6.5 Daemon Server] - 2026-04-22T04:22:28.634Z - Time taken for 'preTasksExecution' 0.6997999999994136ms
[NX v22.6.5 Daemon Server] - 2026-04-22T04:22:28.634Z - Done responding to the client handleRunPreTasksExecution
[NX v22.6.5 Daemon Server] - 2026-04-22T04:22:28.634Z - Handled json message PRE_TASKS_EXECUTION. Handling time: 1. Response time: 0.
[NX v22.6.5 Daemon Client] - 2026-04-22T04:22:28.634Z - [Messenger] Received message, length: 2
[NX v22.6.5 Daemon Client] - 2026-04-22T04:22:28.665Z - [Messenger] Sending message type: HASH_TASKS
[NX v22.6.5 Daemon Client] - 2026-04-22T04:22:28.665Z - [Messenger] Message sent
[NX v22.6.5 Daemon Server] - 2026-04-22T04:22:28.665Z - Received raw message of length 6166
[NX v22.6.5 Daemon Server] - 2026-04-22T04:22:28.666Z - Received json message of type HASH_TASKS
[NX v22.6.5 Daemon Server] - 2026-04-22T04:22:28.666Z - Reusing in-memory cached project graph because no files changed.
DEBUG nx::native::tasks::hash_planner: get_plans_internal COMPLETED in 1.9306ms - processed 1 tasks (setup: 1.8384ms, parallel_planning: 80µs)
DEBUG nx::native::tasks::hashers::hash_workspace_files: Hashing workspace fileset with inputs: Adding "16564195187810814070" (".gitignore") to hash
DEBUG nx::native::tasks::hashers::hash_workspace_files: Hashing workspace fileset with inputs: Adding "8548979761348669291" ("nx.json") to hash
DEBUG nx::native::tasks::hashers::hash_workspace_files: Hashing workspace fileset with inputs: Hash Value: "4090312623010600049"
DEBUG nx::native::tasks::task_hasher: hash_plans COMPLETED in 1.2231ms - processed 1 plans (setup: 163.5µs, hashing: 1.0576ms, assembly: 139.8µs)
[NX v22.6.5 Daemon Server] - 2026-04-22T04:22:28.676Z - Serializing response for HASH_TASKS message in json mode
[NX v22.6.5 Daemon Server] - 2026-04-22T04:22:28.676Z - Responding to HASH_TASKS message
[NX v22.6.5 Daemon Server] - 2026-04-22T04:22:28.676Z - [REQUEST]: Responding to the client. handleHashTasks
[NX v22.6.5 Daemon Client] - 2026-04-22T04:22:28.676Z - [Messenger] Received message, length: 3806
[NX v22.6.5 Daemon Server] - 2026-04-22T04:22:28.677Z - Done responding to the client handleHashTasks
[NX v22.6.5 Daemon Server] - 2026-04-22T04:22:28.677Z - Handled json message HASH_TASKS. Handling time: 10. Response time: 1.
[NX v22.6.5 Daemon Client] - 2026-04-22T04:22:28.682Z - [Messenger] Sending message type: GET_ESTIMATED_TASK_TIMINGS
[NX v22.6.5 Daemon Client] - 2026-04-22T04:22:28.682Z - [Messenger] Message sent
[NX v22.6.5 Daemon Server] - 2026-04-22T04:22:28.685Z - Received raw message of length 117
[NX v22.6.5 Daemon Server] - 2026-04-22T04:22:28.685Z - Received json message of type GET_ESTIMATED_TASK_TIMINGS
[NX v22.6.5 Daemon Server] - 2026-04-22T04:22:28.687Z - Serializing response for GET_ESTIMATED_TASK_TIMINGS message in json mode
[NX v22.6.5 Daemon Server] - 2026-04-22T04:22:28.687Z - Responding to GET_ESTIMATED_TASK_TIMINGS message
[NX v22.6.5 Daemon Server] - 2026-04-22T04:22:28.687Z - [REQUEST]: Responding to the client. handleGetEstimatedTaskTimings
[NX v22.6.5 Daemon Server] - 2026-04-22T04:22:28.687Z - Done responding to the client handleGetEstimatedTaskTimings
[NX v22.6.5 Daemon Server] - 2026-04-22T04:22:28.687Z - Handled json message GET_ESTIMATED_TASK_TIMINGS. Handling time: 2. Response time: 0.
[NX v22.6.5 Daemon Client] - 2026-04-22T04:22:28.687Z - [Messenger] Received message, length: 2
[NX v22.6.5 Daemon Server] - 2026-04-22T04:22:28.746Z - [WATCHER]: 0 file(s) created or restored, 0 file(s) modified, 0 file(s) deleted
[NX v22.6.5 Daemon Server] - 2026-04-22T04:22:28.856Z - [REQUEST]: Updated workspace context based on watched changes, recomputing project graph...
[NX v22.6.5 Daemon Server] - 2026-04-22T04:22:28.856Z - [REQUEST]: 
[NX v22.6.5 Daemon Server] - 2026-04-22T04:22:28.856Z - [REQUEST]: 
[NX v22.6.5 Daemon Server] - 2026-04-22T04:22:28.881Z - Time taken for 'hash changed files from watcher' 0.06490000000030705ms
Time taken for 'plugin worker 28840 code loading' 179.5504ms
[NX v22.6.5 Daemon Server] - 2026-04-22T04:22:29.090Z - Time taken for 'start-plugin-worker:nx/js/dependencies-and-lockfile' 232.63929999999982ms
Time taken for 'plugin worker 21916 code loading' 182.0942ms
Time taken for 'plugin worker 32164 code loading' 176.8124ms
Time taken for 'plugin worker 18092 code loading' 171.6437ms
[NX v22.6.5 Daemon Server] - 2026-04-22T04:22:29.101Z - Time taken for 'start-plugin-worker:nx-angular-json-plugin' 238.54839999999967ms
[NX v22.6.5 Daemon Server] - 2026-04-22T04:22:29.101Z - Time taken for 'start-plugin-worker:nx/core/package-json' 233.04590000000007ms
[NX v22.6.5 Daemon Server] - 2026-04-22T04:22:29.101Z - Time taken for 'start-plugin-worker:nx/core/project-json' 224.96410000000014ms
[NX v22.6.5 Daemon Server] - 2026-04-22T04:22:29.207Z - Time taken for 'build-project-configs' 344.7970999999998ms
[NX v22.6.5 Daemon Server] - 2026-04-22T04:22:29.207Z - Time taken for 'createNodes:merge' 0.9524999999994179ms
[NX v22.6.5 Daemon Server] - 2026-04-22T04:22:29.207Z - Time taken for 'get-all-workspace-files' 0.025000000000545697ms
Time taken for 'nx/js/dependencies-and-lockfile:createNodes' 7.3980999999999995ms
[NX v22.6.5 Daemon Server] - 2026-04-22T04:22:29.224Z - [SYNC]: collect registered sync generators
[NX v22.6.5 Daemon Server] - 2026-04-22T04:22:29.225Z - [SYNC]: project graph hash is the same, not collecting task sync generators
[NX v22.6.5 Daemon Server] - 2026-04-22T04:22:29.225Z - [SYNC]: nx.json hash is the same, not collecting global sync generators
[NX v22.6.5 Daemon Server] - 2026-04-22T04:22:29.225Z - Serializing response for PROJECT_GRAPH_UPDATED message in json mode
[NX v22.6.5 Daemon Server] - 2026-04-22T04:22:29.227Z - Responding to PROJECT_GRAPH_UPDATED message
[NX v22.6.5 Daemon Server] - 2026-04-22T04:22:29.227Z - [REQUEST]: Responding to the client. Project graph updated
[NX v22.6.5 Daemon Server] - 2026-04-22T04:22:29.228Z - Time taken for 'total execution time for createProjectGraph()' 20.000299999999697ms
[NX v22.6.5 Daemon Server] - 2026-04-22T04:22:29.228Z - Time taken for 'createDependencies' 16.125199999999495ms
[NX v22.6.5 Daemon Server] - 2026-04-22T04:22:29.228Z - Time taken for 'nx/js/dependencies-and-lockfile:createDependencies' 16.03899999999976ms
[NX v22.6.5 Daemon Server] - 2026-04-22T04:22:29.228Z - Time taken for 'createMetadata' 0.03819999999996071ms
[NX v22.6.5 Daemon Server] - 2026-04-22T04:22:29.229Z - Time taken for 'serialize graph' 2.6784999999999854ms
[NX v22.6.5 Daemon Client] - 2026-04-22T04:22:29.230Z - [Messenger] Received message, length: 584298
[NX v22.6.5 Daemon Server] - 2026-04-22T04:22:29.230Z - Done responding to the client Project graph updated
[NX v22.6.5 Daemon Server] - 2026-04-22T04:22:29.230Z - Handled json message PROJECT_GRAPH_UPDATED. Handling time: 0. Response time: 5.
[NX v22.6.5 Daemon Server] - 2026-04-22T04:22:30.245Z - Established a connection. Number of open connections: 4
[NX v22.6.5 Daemon Client] - 2026-04-22T04:22:30.245Z - [Messenger] Sending message type: GET_CONTEXT_FILE_DATA
[NX v22.6.5 Daemon Server] - 2026-04-22T04:22:30.245Z - Closed a connection. Number of open connections: 3
[NX v22.6.5 Daemon Client] - 2026-04-22T04:22:30.246Z - [Messenger] Message sent
[NX v22.6.5 Daemon Server] - 2026-04-22T04:22:30.246Z - Received raw message of length 32
[NX v22.6.5 Daemon Server] - 2026-04-22T04:22:30.246Z - Received json message of type GET_CONTEXT_FILE_DATA
[NX v22.6.5 Daemon Server] - 2026-04-22T04:22:30.246Z - Serializing response for GET_CONTEXT_FILE_DATA message in json mode
[NX v22.6.5 Daemon Server] - 2026-04-22T04:22:30.246Z - Responding to GET_CONTEXT_FILE_DATA message
[NX v22.6.5 Daemon Server] - 2026-04-22T04:22:30.246Z - [REQUEST]: Responding to the client. handleContextFileData
[NX v22.6.5 Daemon Server] - 2026-04-22T04:22:30.246Z - Done responding to the client handleContextFileData
[NX v22.6.5 Daemon Server] - 2026-04-22T04:22:30.246Z - Handled json message GET_CONTEXT_FILE_DATA. Handling time: 0. Response time: 0.
[NX v22.6.5 Daemon Client] - 2026-04-22T04:22:30.246Z - [Messenger] Received message, length: 1929
[NX v22.6.5 Daemon Server] - 2026-04-22T04:22:30.411Z - Closed a connection. Number of open connections: 2
[NX v22.6.5 Daemon Client] - 2026-04-22T04:22:30.411Z - [ProjectGraphListener] Socket closed, triggering reconnection
[NX v22.6.5 Daemon Server] - 2026-04-22T04:22:30.412Z - Established a connection. Number of open connections: 3
[NX v22.6.5 Daemon Server] - 2026-04-22T04:22:30.413Z - Closed a connection. Number of open connections: 2
[NX v22.6.5 Daemon Client] - 2026-04-22T04:22:30.413Z - [Messenger] Setting up socket listeners
[NX v22.6.5 Daemon Server] - 2026-04-22T04:22:30.413Z - Established a connection. Number of open connections: 3
[NX v22.6.5 Daemon Client] - 2026-04-22T04:22:30.413Z - [Messenger] listen() complete
[NX v22.6.5 Daemon Client] - 2026-04-22T04:22:30.413Z - [Messenger] Sending message type: REGISTER_PROJECT_GRAPH_LISTENER
[NX v22.6.5 Daemon Client] - 2026-04-22T04:22:30.413Z - [Messenger] Message sent
[NX v22.6.5 Daemon Server] - 2026-04-22T04:22:30.414Z - Received raw message of length 42
[NX v22.6.5 Daemon Server] - 2026-04-22T04:22:30.414Z - Received json message of type REGISTER_PROJECT_GRAPH_LISTENER
[NX v22.6.5 Daemon Server] - 2026-04-22T04:22:30.811Z - [LATEST-NX]: Successfully pulled latest Nx to C:\Users\sabca\AppData\Local\Temp\tmp-31300-phUVoAsOgAsn
[NX v22.6.5 Daemon Server] - 2026-04-22T04:22:30.977Z - [NX-CONSOLE]: Using local implementation (NX_USE_LOCAL=true or inner call)
DEBUG nx::native::ide::install: Detected editor: VSCode
DEBUG nx::native::ide::install: Checking if Nx Console extension is installed with: code.cmd --list-extensions
DEBUG nx::native::ide::install: Editor command 'code.cmd' is installed
DEBUG nx::native::ide::install: Editor command 'code-insiders.cmd' not found
DEBUG nx::native::ide::install: Checking if Nx Console extension is installed with: code.cmd --list-extensions
DEBUG nx::native::ide::install: Nx Console extension is installed
[NX v22.6.5 Daemon Server] - 2026-04-22T04:22:31.340Z - [NX-CONSOLE]: Console status check completed, shouldPrompt: false
DEBUG nx::native::ide::install: Nx Console extension is installed
DEBUG nx::native::ide::install: Editor command 'cursor.cmd' not found
DEBUG nx::native::ide::install: Checking if Nx Console extension is installed with: cursor.cmd --list-extensions
DEBUG nx::native::ide::install: Command 'cursor.cmd' not found, cannot check extension status
[NX v22.6.5 Daemon Server] - 2026-04-22T04:22:31.549Z - [AI-AGENTS]: Agent configuration status computation completed: 0 fully configured, 0 outdated, 1 partially configured, 4 non-configured
[NX v22.6.5 Daemon Server] - 2026-04-22T04:22:31.784Z - [WATCHER]: Processing file changes in outputs
[NX v22.6.5 Daemon Server] - 2026-04-22T04:23:40.460Z - [WATCHER]: README.md was modified
[NX v22.6.5 Daemon Server] - 2026-04-22T04:23:40.461Z - [SYNC]: clearing sync generators cache due to file changes
[NX v22.6.5 Daemon Server] - 2026-04-22T04:23:40.461Z - [WATCHER]: Processing file changes in outputs
[NX v22.6.5 Daemon Server] - 2026-04-22T04:23:40.663Z - [REQUEST]: Updated workspace context based on watched changes, recomputing project graph...
[NX v22.6.5 Daemon Server] - 2026-04-22T04:23:40.663Z - [REQUEST]: README.md
[NX v22.6.5 Daemon Server] - 2026-04-22T04:23:40.663Z - [REQUEST]: 
[NX v22.6.5 Daemon Server] - 2026-04-22T04:23:40.686Z - Time taken for 'hash changed files from watcher' 0.1823000000003958ms
Time taken for 'plugin worker 28184 code loading' 140.29260000000002ms
[NX v22.6.5 Daemon Server] - 2026-04-22T04:23:40.847Z - Time taken for 'start-plugin-worker:nx/js/dependencies-and-lockfile' 182.98399999999674ms
Time taken for 'plugin worker 2804 code loading' 138.3406ms
Time taken for 'plugin worker 19784 code loading' 137.50979999999998ms
Time taken for 'plugin worker 32488 code loading' 139.3294ms
[NX v22.6.5 Daemon Server] - 2026-04-22T04:23:40.859Z - Time taken for 'start-plugin-worker:nx-angular-json-plugin' 190.3859999999986ms
[NX v22.6.5 Daemon Server] - 2026-04-22T04:23:40.859Z - Time taken for 'start-plugin-worker:nx/core/package-json' 185.126700000008ms
[NX v22.6.5 Daemon Server] - 2026-04-22T04:23:40.860Z - Time taken for 'start-plugin-worker:nx/core/project-json' 180.14310000000114ms
[NX v22.6.5 Daemon Server] - 2026-04-22T04:23:40.955Z - Time taken for 'build-project-configs' 285.96719999999914ms
[NX v22.6.5 Daemon Server] - 2026-04-22T04:23:40.955Z - Time taken for 'createNodes:merge' 1.111799999998766ms
[NX v22.6.5 Daemon Server] - 2026-04-22T04:23:40.955Z - Time taken for 'get-all-workspace-files' 0.019499999994877726ms
Time taken for 'nx/js/dependencies-and-lockfile:createNodes' 9.45350000000002ms
[NX v22.6.5 Daemon Server] - 2026-04-22T04:23:40.976Z - [SYNC]: collect registered sync generators
[NX v22.6.5 Daemon Server] - 2026-04-22T04:23:40.976Z - [SYNC]: project graph hash is the same, not collecting task sync generators
[NX v22.6.5 Daemon Server] - 2026-04-22T04:23:40.976Z - [SYNC]: nx.json hash is the same, not collecting global sync generators
[NX v22.6.5 Daemon Server] - 2026-04-22T04:23:40.976Z - Serializing response for PROJECT_GRAPH_UPDATED message in json mode
[NX v22.6.5 Daemon Server] - 2026-04-22T04:23:40.978Z - Responding to PROJECT_GRAPH_UPDATED message
[NX v22.6.5 Daemon Server] - 2026-04-22T04:23:40.978Z - [REQUEST]: Responding to the client. Project graph updated
[NX v22.6.5 Daemon Server] - 2026-04-22T04:23:40.979Z - Time taken for 'total execution time for createProjectGraph()' 24.396999999997206ms
[NX v22.6.5 Daemon Server] - 2026-04-22T04:23:40.979Z - Time taken for 'createDependencies' 20.260800000003655ms
[NX v22.6.5 Daemon Server] - 2026-04-22T04:23:40.979Z - Time taken for 'nx/js/dependencies-and-lockfile:createDependencies' 20.139299999995274ms
[NX v22.6.5 Daemon Server] - 2026-04-22T04:23:40.979Z - Time taken for 'createMetadata' 0.02869999999529682ms
[NX v22.6.5 Daemon Server] - 2026-04-22T04:23:40.979Z - Time taken for 'serialize graph' 1.6640999999945052ms
[NX v22.6.5 Daemon Client] - 2026-04-22T04:23:40.980Z - [Messenger] Received message, length: 584298
[NX v22.6.5 Daemon Server] - 2026-04-22T04:23:40.981Z - Done responding to the client Project graph updated
[NX v22.6.5 Daemon Server] - 2026-04-22T04:23:40.981Z - Handled json message PROJECT_GRAPH_UPDATED. Handling time: 0. Response time: 5.
[NX v22.6.5 Daemon Server] - 2026-04-22T04:23:41.999Z - Established a connection. Number of open connections: 4
[NX v22.6.5 Daemon Client] - 2026-04-22T04:23:41.998Z - [Messenger] Sending message type: GET_CONTEXT_FILE_DATA
[NX v22.6.5 Daemon Server] - 2026-04-22T04:23:41.999Z - Closed a connection. Number of open connections: 3
[NX v22.6.5 Daemon Client] - 2026-04-22T04:23:41.999Z - [Messenger] Message sent
[NX v22.6.5 Daemon Server] - 2026-04-22T04:23:41.999Z - Received raw message of length 32
[NX v22.6.5 Daemon Server] - 2026-04-22T04:23:41.999Z - Received json message of type GET_CONTEXT_FILE_DATA
[NX v22.6.5 Daemon Server] - 2026-04-22T04:23:42.000Z - Serializing response for GET_CONTEXT_FILE_DATA message in json mode
[NX v22.6.5 Daemon Server] - 2026-04-22T04:23:42.000Z - Responding to GET_CONTEXT_FILE_DATA message
[NX v22.6.5 Daemon Server] - 2026-04-22T04:23:42.000Z - [REQUEST]: Responding to the client. handleContextFileData
[NX v22.6.5 Daemon Server] - 2026-04-22T04:23:42.000Z - Done responding to the client handleContextFileData
[NX v22.6.5 Daemon Server] - 2026-04-22T04:23:42.000Z - Handled json message GET_CONTEXT_FILE_DATA. Handling time: 1. Response time: 0.
[NX v22.6.5 Daemon Client] - 2026-04-22T04:23:41.999Z - [Messenger] Received message, length: 1931
[NX v22.6.5 Daemon Server] - 2026-04-22T04:23:42.153Z - Closed a connection. Number of open connections: 2
[NX v22.6.5 Daemon Client] - 2026-04-22T04:23:42.153Z - [ProjectGraphListener] Socket closed, triggering reconnection
[NX v22.6.5 Daemon Server] - 2026-04-22T04:23:42.155Z - Established a connection. Number of open connections: 3
[NX v22.6.5 Daemon Client] - 2026-04-22T04:23:42.155Z - [Messenger] Setting up socket listeners
[NX v22.6.5 Daemon Server] - 2026-04-22T04:23:42.155Z - Closed a connection. Number of open connections: 2
[NX v22.6.5 Daemon Server] - 2026-04-22T04:23:42.156Z - Established a connection. Number of open connections: 3
[NX v22.6.5 Daemon Client] - 2026-04-22T04:23:42.155Z - [Messenger] listen() complete
[NX v22.6.5 Daemon Client] - 2026-04-22T04:23:42.155Z - [Messenger] Sending message type: REGISTER_PROJECT_GRAPH_LISTENER
[NX v22.6.5 Daemon Client] - 2026-04-22T04:23:42.156Z - [Messenger] Message sent
[NX v22.6.5 Daemon Server] - 2026-04-22T04:23:42.157Z - Received raw message of length 42
[NX v22.6.5 Daemon Server] - 2026-04-22T04:23:42.157Z - Received json message of type REGISTER_PROJECT_GRAPH_LISTENER
[NX v22.6.5 Daemon Client] - 2026-04-22T04:24:43.168Z - [Messenger] Sending message type: RECORD_OUTPUTS_HASH
[NX v22.6.5 Daemon Client] - 2026-04-22T04:24:43.168Z - [Messenger] Message sent
[NX v22.6.5 Daemon Server] - 2026-04-22T04:24:43.169Z - Received raw message of length 81
[NX v22.6.5 Daemon Server] - 2026-04-22T04:24:43.169Z - Received json message of type RECORD_OUTPUTS_HASH
[NX v22.6.5 Daemon Server] - 2026-04-22T04:24:43.170Z - Serializing response for RECORD_OUTPUTS_HASH message in json mode
[NX v22.6.5 Daemon Server] - 2026-04-22T04:24:43.170Z - Responding to RECORD_OUTPUTS_HASH message
[NX v22.6.5 Daemon Server] - 2026-04-22T04:24:43.170Z - [REQUEST]: Responding to the client. recordOutputsHash
[NX v22.6.5 Daemon Server] - 2026-04-22T04:24:43.170Z - Done responding to the client recordOutputsHash
[NX v22.6.5 Daemon Server] - 2026-04-22T04:24:43.170Z - Handled json message RECORD_OUTPUTS_HASH. Handling time: 1. Response time: 0.
[NX v22.6.5 Daemon Client] - 2026-04-22T04:24:43.170Z - [Messenger] Received message, length: 2
[NX v22.6.5 Daemon Client] - 2026-04-22T04:24:43.172Z - [Messenger] Sending message type: RECORD_TASK_RUNS
[NX v22.6.5 Daemon Client] - 2026-04-22T04:24:43.172Z - [Messenger] Message sent
[NX v22.6.5 Daemon Server] - 2026-04-22T04:24:43.172Z - Received raw message of length 235
[NX v22.6.5 Daemon Server] - 2026-04-22T04:24:43.172Z - Received json message of type RECORD_TASK_RUNS
[NX v22.6.5 Daemon Server] - 2026-04-22T04:24:43.174Z - Serializing response for RECORD_TASK_RUNS message in json mode
[NX v22.6.5 Daemon Server] - 2026-04-22T04:24:43.174Z - Responding to RECORD_TASK_RUNS message
[NX v22.6.5 Daemon Server] - 2026-04-22T04:24:43.174Z - [REQUEST]: Responding to the client. handleRecordTaskRuns
[NX v22.6.5 Daemon Server] - 2026-04-22T04:24:43.174Z - Done responding to the client handleRecordTaskRuns
[NX v22.6.5 Daemon Server] - 2026-04-22T04:24:43.174Z - Handled json message RECORD_TASK_RUNS. Handling time: 2. Response time: 0.
[NX v22.6.5 Daemon Client] - 2026-04-22T04:24:43.174Z - [Messenger] Received message, length: 4
[NX v22.6.5 Daemon Client] - 2026-04-22T04:24:43.174Z - [Messenger] Sending message type: GET_FLAKY_TASKS
[NX v22.6.5 Daemon Client] - 2026-04-22T04:24:43.174Z - [Messenger] Message sent
[NX v22.6.5 Daemon Server] - 2026-04-22T04:24:43.175Z - Received raw message of length 59
[NX v22.6.5 Daemon Server] - 2026-04-22T04:24:43.175Z - Received json message of type GET_FLAKY_TASKS
[NX v22.6.5 Daemon Server] - 2026-04-22T04:24:43.175Z - Serializing response for GET_FLAKY_TASKS message in json mode
[NX v22.6.5 Daemon Server] - 2026-04-22T04:24:43.175Z - Responding to GET_FLAKY_TASKS message
[NX v22.6.5 Daemon Server] - 2026-04-22T04:24:43.175Z - [REQUEST]: Responding to the client. handleGetFlakyTasks
[NX v22.6.5 Daemon Server] - 2026-04-22T04:24:43.175Z - Done responding to the client handleGetFlakyTasks
[NX v22.6.5 Daemon Server] - 2026-04-22T04:24:43.175Z - Handled json message GET_FLAKY_TASKS. Handling time: 0. Response time: 0.
[NX v22.6.5 Daemon Client] - 2026-04-22T04:24:43.175Z - [Messenger] Received message, length: 2
[NX v22.6.5 Daemon Server] - 2026-04-22T04:24:43.176Z - Established a connection. Number of open connections: 4
[NX v22.6.5 Daemon Client] - 2026-04-22T04:24:43.176Z - [Messenger] Sending message type: GET_CONFIGURE_AI_AGENTS_STATUS
[NX v22.6.5 Daemon Server] - 2026-04-22T04:24:43.176Z - Closed a connection. Number of open connections: 3
[NX v22.6.5 Daemon Client] - 2026-04-22T04:24:43.176Z - [Messenger] Message sent
[NX v22.6.5 Daemon Server] - 2026-04-22T04:24:43.176Z - Received raw message of length 41
[NX v22.6.5 Daemon Server] - 2026-04-22T04:24:43.176Z - Received json message of type GET_CONFIGURE_AI_AGENTS_STATUS
[NX v22.6.5 Daemon Server] - 2026-04-22T04:24:43.176Z - [AI-AGENTS]: Returning cached agent configuration status
[NX v22.6.5 Daemon Server] - 2026-04-22T04:24:43.176Z - Serializing response for GET_CONFIGURE_AI_AGENTS_STATUS message in json mode
[NX v22.6.5 Daemon Server] - 2026-04-22T04:24:43.176Z - Responding to GET_CONFIGURE_AI_AGENTS_STATUS message
[NX v22.6.5 Daemon Server] - 2026-04-22T04:24:43.176Z - [REQUEST]: Responding to the client. handleGetConfigureAiAgentsStatus
[NX v22.6.5 Daemon Server] - 2026-04-22T04:24:43.176Z - Done responding to the client handleGetConfigureAiAgentsStatus
[NX v22.6.5 Daemon Server] - 2026-04-22T04:24:43.176Z - Handled json message GET_CONFIGURE_AI_AGENTS_STATUS. Handling time: 0. Response time: 0.
[NX v22.6.5 Daemon Client] - 2026-04-22T04:24:43.176Z - [Messenger] Received message, length: 341
[NX v22.6.5 Daemon Client] - 2026-04-22T04:24:43.178Z - [Messenger] Sending message type: POST_TASKS_EXECUTION
[NX v22.6.5 Daemon Client] - 2026-04-22T04:24:43.178Z - [Messenger] Message sent
[NX v22.6.5 Daemon Server] - 2026-04-22T04:24:43.179Z - Received raw message of length 6936
[NX v22.6.5 Daemon Server] - 2026-04-22T04:24:43.179Z - Received json message of type POST_TASKS_EXECUTION
[NX v22.6.5 Daemon Server] - 2026-04-22T04:24:43.180Z - Serializing response for POST_TASKS_EXECUTION message in json mode
[NX v22.6.5 Daemon Server] - 2026-04-22T04:24:43.180Z - Responding to POST_TASKS_EXECUTION message
[NX v22.6.5 Daemon Server] - 2026-04-22T04:24:43.180Z - [REQUEST]: Responding to the client. handleRunPostTasksExecution
[NX v22.6.5 Daemon Server] - 2026-04-22T04:24:43.180Z - Time taken for 'postTasksExecution' 0.2674000000115484ms
[NX v22.6.5 Daemon Server] - 2026-04-22T04:24:43.180Z - Done responding to the client handleRunPostTasksExecution
[NX v22.6.5 Daemon Server] - 2026-04-22T04:24:43.180Z - Handled json message POST_TASKS_EXECUTION. Handling time: 1. Response time: 0.
[NX v22.6.5 Daemon Client] - 2026-04-22T04:24:43.180Z - [Messenger] Received message, length: 4
